[INFO] Error stacktraces are turned on.
[INFO] Scanning for projects...
achou:/home/mopuser/workspace/loadLibrary.csv
Modifying surefire to add Siesta-MOP...
=====Version:: 3.2.2
=====Version:: [default-test]
[INFO] 
[INFO] ---------------< com.greplin.zookeeper:zookeeper-utils >----------------
[INFO] Building zookeeper-utils 1.1-SNAPSHOT
[INFO]   from pom.xml
[INFO] --------------------------------[ jar ]---------------------------------
[INFO] 
[INFO] --- resources:3.3.1:resources (default-resources) @ zookeeper-utils ---
[INFO] skip non existing resourceDirectory /home/mopuser/workspace/greplin-zookeeper-utils/src/main/resources
[INFO] 
[INFO] --- compiler:3.1:compile (default-compile) @ zookeeper-utils ---
[INFO] Nothing to compile - all classes are up to date
[INFO] 
[INFO] --- resources:3.3.1:testResources (default-testResources) @ zookeeper-utils ---
[INFO] skip non existing resourceDirectory /home/mopuser/workspace/greplin-zookeeper-utils/src/test/resources
[INFO] 
[INFO] --- compiler:3.1:testCompile (default-testCompile) @ zookeeper-utils ---
[INFO] Nothing to compile - all classes are up to date
[INFO] 
[INFO] --- surefire:3.2.2:test (default-test) @ zookeeper-utils ---
[INFO] Surefire report directory: /home/mopuser/workspace/greplin-zookeeper-utils/target/surefire-reports
[INFO] Using auto detected provider org.apache.maven.surefire.junit4.JUnit4Provider
[INFO] 
[INFO] -------------------------------------------------------
[INFO]  T E S T S
[INFO] -------------------------------------------------------
[INFO] Running com.greplin.zookeeper.RegressionTest
[Siesta] Specification SortedSet_Comparable has been violated on line [org.apache.logging.log4j.util.PropertiesUtil$Environment.<init>(PropertiesUtil.java:464), org.apache.logging.log4j.util.PropertiesUtil$Environment.<init>(PropertiesUtil.java:444), org.apache.logging.log4j.util.PropertiesUtil.<init>(PropertiesUtil.java:88), org.apache.logging.log4j.util.PropertiesUtil.<init>(PropertiesUtil.java:80), org.apache.logging.log4j.util.PropertiesUtil.<clinit>(PropertiesUtil.java:56), org.apache.logging.log4j.util.Constants.<clinit>(Constants.java:30), org.apache.logging.log4j.spi.AbstractLogger.createClassForProperty(AbstractLogger.java:203), org.apache.logging.log4j.spi.AbstractLogger.<clinit>(AbstractLogger.java:92), org.apache.logging.slf4j.Log4jLoggerFactory.<clinit>(Log4jLoggerFactory.java:35), org.slf4j.impl.StaticLoggerBinder.<init>(StaticLoggerBinder.java:54), org.slf4j.impl.StaticLoggerBinder.<clinit>(StaticLoggerBinder.java:42), org.slf4j.LoggerFactory.bind(LoggerFactory.java:128), org.slf4j.LoggerFactory.performInitialization(LoggerFactory.java:107), org.slf4j.LoggerFactory.getILoggerFactory(LoggerFactory.java:295), org.slf4j.LoggerFactory.getLogger(LoggerFactory.java:269), org.slf4j.LoggerFactory.getLogger(LoggerFactory.java:281), com.greplin.zookeeper.RobustZooKeeper.<clinit>(RobustZooKeeper.java:52), com.greplin.zookeeper.RegressionTest0.test004(RegressionTest0.java:44), sun.reflect.NativeMethodAccessorImpl.invoke0(Native Method), sun.reflect.NativeMethodAccessorImpl.invoke(NativeMethodAccessorImpl.java:62), sun.reflect.DelegatingMethodAccessorImpl.invoke(DelegatingMethodAccessorImpl.java:43), java.lang.reflect.Method.invoke(Method.java:498), org.junit.runners.model.FrameworkMethod$1.runReflectiveCall(FrameworkMethod.java:59), org.junit.internal.runners.model.ReflectiveCallable.run(ReflectiveCallable.java:12), org.junit.runners.model.FrameworkMethod.invokeExplosively(FrameworkMethod.java:56), org.junit.internal.runners.statements.InvokeMethod.evaluate(InvokeMethod.java:17), org.junit.runners.ParentRunner$3.evaluate(ParentRunner.java:306), org.junit.runners.BlockJUnit4ClassRunner$1.evaluate(BlockJUnit4ClassRunner.java:100), org.junit.runners.ParentRunner.runLeaf(ParentRunner.java:366), org.junit.runners.BlockJUnit4ClassRunner.runChild(BlockJUnit4ClassRunner.java:103), org.junit.runners.BlockJUnit4ClassRunner.runChild(BlockJUnit4ClassRunner.java:63), org.junit.runners.ParentRunner$4.run(ParentRunner.java:331), org.junit.runners.ParentRunner$1.schedule(ParentRunner.java:79), org.junit.runners.ParentRunner.runChildren(ParentRunner.java:329), org.junit.runners.ParentRunner.access$100(ParentRunner.java:66), org.junit.runners.ParentRunner$2.evaluate(ParentRunner.java:293), org.junit.runners.ParentRunner$3.evaluate(ParentRunner.java:306), org.junit.runners.ParentRunner.run(ParentRunner.java:413), org.junit.runners.Suite.runChild(Suite.java:128), org.junit.runners.Suite.runChild(Suite.java:27), org.junit.runners.ParentRunner$4.run(ParentRunner.java:331), org.junit.runners.ParentRunner$1.schedule(ParentRunner.java:79), org.junit.runners.ParentRunner.runChildren(ParentRunner.java:329), org.junit.runners.ParentRunner.access$100(ParentRunner.java:66), org.junit.runners.ParentRunner$2.evaluate(ParentRunner.java:293), org.junit.runners.ParentRunner$3.evaluate(ParentRunner.java:306), org.junit.runners.ParentRunner.run(ParentRunner.java:413), org.apache.maven.surefire.junit4.JUnit4Provider.execute(JUnit4Provider.java:316), org.apache.maven.surefire.junit4.JUnit4Provider.executeWithRerun(JUnit4Provider.java:240), org.apache.maven.surefire.junit4.JUnit4Provider.executeTestSet(JUnit4Provider.java:214), org.apache.maven.surefire.junit4.JUnit4Provider.invoke(JUnit4Provider.java:155), org.apache.maven.surefire.booter.ForkedBooter.runSuitesInProcess(ForkedBooter.java:385), org.apache.maven.surefire.booter.ForkedBooter.execute(ForkedBooter.java:162), org.apache.maven.surefire.booter.ForkedBooter.run(ForkedBooter.java:507), org.apache.maven.surefire.booter.ForkedBooter.main(ForkedBooter.java:495)]
A non-comparable object is being inserted into a SortedSet object.
[Siesta] Specification SortedSet_Comparable has been violated on line [org.apache.logging.log4j.util.PropertiesUtil$Environment.<init>(PropertiesUtil.java:464), org.apache.logging.log4j.util.PropertiesUtil$Environment.<init>(PropertiesUtil.java:444), org.apache.logging.log4j.util.PropertiesUtil.<init>(PropertiesUtil.java:88), org.apache.logging.log4j.util.PropertiesUtil.<init>(PropertiesUtil.java:80), org.apache.logging.log4j.util.PropertiesUtil.<init>(PropertiesUtil.java:76), org.apache.logging.log4j.status.StatusLogger.<clinit>(StatusLogger.java:77), org.apache.logging.slf4j.Log4jLoggerFactory.<clinit>(Log4jLoggerFactory.java:35), org.slf4j.impl.StaticLoggerBinder.<init>(StaticLoggerBinder.java:54), org.slf4j.impl.StaticLoggerBinder.<clinit>(StaticLoggerBinder.java:42), org.slf4j.LoggerFactory.bind(LoggerFactory.java:128), org.slf4j.LoggerFactory.performInitialization(LoggerFactory.java:107), org.slf4j.LoggerFactory.getILoggerFactory(LoggerFactory.java:295), org.slf4j.LoggerFactory.getLogger(LoggerFactory.java:269), org.slf4j.LoggerFactory.getLogger(LoggerFactory.java:281), com.greplin.zookeeper.RobustZooKeeper.<clinit>(RobustZooKeeper.java:52), com.greplin.zookeeper.RegressionTest0.test004(RegressionTest0.java:44), sun.reflect.NativeMethodAccessorImpl.invoke0(Native Method), sun.reflect.NativeMethodAccessorImpl.invoke(NativeMethodAccessorImpl.java:62), sun.reflect.DelegatingMethodAccessorImpl.invoke(DelegatingMethodAccessorImpl.java:43), java.lang.reflect.Method.invoke(Method.java:498), org.junit.runners.model.FrameworkMethod$1.runReflectiveCall(FrameworkMethod.java:59), org.junit.internal.runners.model.ReflectiveCallable.run(ReflectiveCallable.java:12), org.junit.runners.model.FrameworkMethod.invokeExplosively(FrameworkMethod.java:56), org.junit.internal.runners.statements.InvokeMethod.evaluate(InvokeMethod.java:17), org.junit.runners.ParentRunner$3.evaluate(ParentRunner.java:306), org.junit.runners.BlockJUnit4ClassRunner$1.evaluate(BlockJUnit4ClassRunner.java:100), org.junit.runners.ParentRunner.runLeaf(ParentRunner.java:366), org.junit.runners.BlockJUnit4ClassRunner.runChild(BlockJUnit4ClassRunner.java:103), org.junit.runners.BlockJUnit4ClassRunner.runChild(BlockJUnit4ClassRunner.java:63), org.junit.runners.ParentRunner$4.run(ParentRunner.java:331), org.junit.runners.ParentRunner$1.schedule(ParentRunner.java:79), org.junit.runners.ParentRunner.runChildren(ParentRunner.java:329), org.junit.runners.ParentRunner.access$100(ParentRunner.java:66), org.junit.runners.ParentRunner$2.evaluate(ParentRunner.java:293), org.junit.runners.ParentRunner$3.evaluate(ParentRunner.java:306), org.junit.runners.ParentRunner.run(ParentRunner.java:413), org.junit.runners.Suite.runChild(Suite.java:128), org.junit.runners.Suite.runChild(Suite.java:27), org.junit.runners.ParentRunner$4.run(ParentRunner.java:331), org.junit.runners.ParentRunner$1.schedule(ParentRunner.java:79), org.junit.runners.ParentRunner.runChildren(ParentRunner.java:329), org.junit.runners.ParentRunner.access$100(ParentRunner.java:66), org.junit.runners.ParentRunner$2.evaluate(ParentRunner.java:293), org.junit.runners.ParentRunner$3.evaluate(ParentRunner.java:306), org.junit.runners.ParentRunner.run(ParentRunner.java:413), org.apache.maven.surefire.junit4.JUnit4Provider.execute(JUnit4Provider.java:316), org.apache.maven.surefire.junit4.JUnit4Provider.executeWithRerun(JUnit4Provider.java:240), org.apache.maven.surefire.junit4.JUnit4Provider.executeTestSet(JUnit4Provider.java:214), org.apache.maven.surefire.junit4.JUnit4Provider.invoke(JUnit4Provider.java:155), org.apache.maven.surefire.booter.ForkedBooter.runSuitesInProcess(ForkedBooter.java:385), org.apache.maven.surefire.booter.ForkedBooter.execute(ForkedBooter.java:162), org.apache.maven.surefire.booter.ForkedBooter.run(ForkedBooter.java:507), org.apache.maven.surefire.booter.ForkedBooter.main(ForkedBooter.java:495)]
A non-comparable object is being inserted into a SortedSet object.
[INFO] Tests run: 407, Failures: 0, Errors: 0, Skipped: 0, Time elapsed: 65.00 s -- in com.greplin.zookeeper.RegressionTest
[INFO] 
[INFO] Results:
[INFO] 
[INFO] Tests run: 407, Failures: 0, Errors: 0, Skipped: 0
[INFO] 
[INFO] ------------------------------------------------------------------------
[INFO] BUILD SUCCESS
[INFO] ------------------------------------------------------------------------
[INFO] Total time:  01:09 min
[INFO] Finished at: 2024-02-03T19:29:49Z
[INFO] ------------------------------------------------------------------------
